<?xml version="1.0" encoding="UTF-8"?>
<testsuite name="com.cg.linkedlist.MyStackTest" tests="1" skipped="0" failures="0" errors="0" timestamp="2020-10-17T16:58:59" hostname="ABHINAVs-MacBook-Air.local" time="0.008">
  <properties/>
  <testcase name="given3nosStackBeAddedTop" classname="com.cg.linkedlist.MyStackTest" time="0.008"/>
  <system-out><![CDATA[My Nodes: 56->30->70
]]></system-out>
  <system-err><![CDATA[]]></system-err>
</testsuite>
