<?xml version="1.0" encoding="UTF-8"?>
<testsuite name="com.cg.linkedlist.MyNodeTest" tests="1" skipped="0" failures="0" errors="0" timestamp="2020-10-16T16:47:56" hostname="ABHINAVs-MacBook-Air.local" time="0.007">
  <properties/>
  <testcase name="given3nosWhenLinkedShdPassTest" classname="com.cg.linkedlist.MyNodeTest" time="0.007"/>
  <system-out><![CDATA[]]></system-out>
  <system-err><![CDATA[]]></system-err>
</testsuite>
