<?xml version="1.0" encoding="UTF-8"?>
<testsuite name="com.cg.linkedlist.MyLLTest" tests="1" skipped="0" failures="0" errors="0" timestamp="2020-10-17T20:10:43" hostname="ABHINAVs-MacBook-Air.local" time="0.006">
  <properties/>
  <testcase name="given4nosSort" classname="com.cg.linkedlist.MyLLTest" time="0.006"/>
  <system-out><![CDATA[My Nodes: 1->3->5->6->7
]]></system-out>
  <system-err><![CDATA[]]></system-err>
</testsuite>
