<?xml version="1.0" encoding="UTF-8"?>
<testsuite name="com.cg.linkedlist.MyHashMapTest" tests="1" skipped="0" failures="0" errors="0" timestamp="2020-10-18T18:20:48" hostname="ABHINAVs-MacBook-Air.local" time="0.003">
  <properties/>
  <testcase name="givenString_whenParsed_shouldReturnParanoidFrequency" classname="com.cg.linkedlist.MyHashMapTest" time="0.003"/>
  <system-out><![CDATA[]]></system-out>
  <system-err><![CDATA[]]></system-err>
</testsuite>
